<?xml version="1.0" encoding="UTF-8"?>
<!-- Generated by org.testng.reporters.JUnitReportReporter -->
<testsuite hostname="HP-LAPTOP-SACHIT" failures="0" tests="1" name="CucumberOptions.TestNGRunner" time="7.067" errors="0" timestamp="2024-10-17T16:16:47 IST" skipped="0">
  <testcase classname="CucumberOptions.TestNGRunner" name="runScenario" time="7.067"/>
</testsuite> <!-- CucumberOptions.TestNGRunner -->
